2016/07/16 04:43:51 [error] [exception.CException] exception 'CException' with message 'La propiedad "CWebApplication"."bootstrap" no se encuentra definida.' in C:\xampp\htdocs\yii\framework\base\CComponent.php:130
Stack trace:
#0 C:\xampp\htdocs\yii\framework\base\CModule.php(105): CComponent->__get('bootstrap')
#1 C:\xampp\htdocs\base\protected\views\layouts\main.php(17): CModule->__get('bootstrap')
#2 C:\xampp\htdocs\yii\framework\web\CBaseController.php(126): require('C:\xampp\htdocs...')
#3 C:\xampp\htdocs\yii\framework\web\CBaseController.php(95): CBaseController->renderInternal('C:\xampp\htdocs...', Array, true)
#4 C:\xampp\htdocs\yii\framework\web\widgets\CContentDecorator.php(76): CBaseController->renderFile('C:\xampp\htdocs...', Array, true)
#5 C:\xampp\htdocs\yii\framework\web\widgets\CContentDecorator.php(54): CContentDecorator->decorate('<div id="conten...')
#6 C:\xampp\htdocs\yii\framework\web\widgets\COutputProcessor.php(44): CContentDecorator->processOutput('<div id="conten...')
#7 C:\xampp\htdocs\yii\framework\web\CBaseController.php(214): COutputProcessor->run()
#8 C:\xampp\htdocs\yii\framework\web\CBaseController.php(308): CBaseController->endWidget('CContentDecorat...')
#9 C:\xampp\htdocs\base\protected\views\layouts\column1.php(6): CBaseController->endContent()
#10 C:\xampp\htdocs\yii\framework\web\CBaseController.php(126): require('C:\xampp\htdocs...')
#11 C:\xampp\htdocs\yii\framework\web\CBaseController.php(95): CBaseController->renderInternal('C:\xampp\htdocs...', Array, true)
#12 C:\xampp\htdocs\yii\framework\web\CController.php(784): CBaseController->renderFile('C:\xampp\htdocs...', Array, true)
#13 C:\xampp\htdocs\base\protected\controllers\SiteController.php(32): CController->render('index')
#14 C:\xampp\htdocs\yii\framework\web\actions\CInlineAction.php(49): SiteController->actionIndex()
#15 C:\xampp\htdocs\yii\framework\web\CController.php(308): CInlineAction->runWithParams(Array)
#16 C:\xampp\htdocs\yii\framework\web\CController.php(286): CController->runAction(Object(CInlineAction))
#17 C:\xampp\htdocs\yii\framework\web\CController.php(265): CController->runActionWithFilters(Object(CInlineAction), Array)
#18 C:\xampp\htdocs\yii\framework\web\CWebApplication.php(282): CController->run('')
#19 C:\xampp\htdocs\yii\framework\web\CWebApplication.php(141): CWebApplication->runController('')
#20 C:\xampp\htdocs\yii\framework\base\CApplication.php(185): CWebApplication->processRequest()
#21 C:\xampp\htdocs\base\index.php(13): CApplication->run()
#22 {main}
REQUEST_URI=/base/
---
2016/07/16 04:44:03 [error] [exception.CException] exception 'CException' with message 'Booster y sus behaviors no tienen un método o closure llamado "register".' in C:\xampp\htdocs\yii\framework\base\CComponent.php:266
Stack trace:
#0 C:\xampp\htdocs\base\protected\views\layouts\main.php(17): CComponent->__call('register', Array)
#1 C:\xampp\htdocs\base\protected\views\layouts\main.php(17): Booster->register()
#2 C:\xampp\htdocs\yii\framework\web\CBaseController.php(126): require('C:\xampp\htdocs...')
#3 C:\xampp\htdocs\yii\framework\web\CBaseController.php(95): CBaseController->renderInternal('C:\xampp\htdocs...', Array, true)
#4 C:\xampp\htdocs\yii\framework\web\widgets\CContentDecorator.php(76): CBaseController->renderFile('C:\xampp\htdocs...', Array, true)
#5 C:\xampp\htdocs\yii\framework\web\widgets\CContentDecorator.php(54): CContentDecorator->decorate('<div id="conten...')
#6 C:\xampp\htdocs\yii\framework\web\widgets\COutputProcessor.php(44): CContentDecorator->processOutput('<div id="conten...')
#7 C:\xampp\htdocs\yii\framework\web\CBaseController.php(214): COutputProcessor->run()
#8 C:\xampp\htdocs\yii\framework\web\CBaseController.php(308): CBaseController->endWidget('CContentDecorat...')
#9 C:\xampp\htdocs\base\protected\views\layouts\column1.php(6): CBaseController->endContent()
#10 C:\xampp\htdocs\yii\framework\web\CBaseController.php(126): require('C:\xampp\htdocs...')
#11 C:\xampp\htdocs\yii\framework\web\CBaseController.php(95): CBaseController->renderInternal('C:\xampp\htdocs...', Array, true)
#12 C:\xampp\htdocs\yii\framework\web\CController.php(784): CBaseController->renderFile('C:\xampp\htdocs...', Array, true)
#13 C:\xampp\htdocs\base\protected\controllers\SiteController.php(32): CController->render('index')
#14 C:\xampp\htdocs\yii\framework\web\actions\CInlineAction.php(49): SiteController->actionIndex()
#15 C:\xampp\htdocs\yii\framework\web\CController.php(308): CInlineAction->runWithParams(Array)
#16 C:\xampp\htdocs\yii\framework\web\CController.php(286): CController->runAction(Object(CInlineAction))
#17 C:\xampp\htdocs\yii\framework\web\CController.php(265): CController->runActionWithFilters(Object(CInlineAction), Array)
#18 C:\xampp\htdocs\yii\framework\web\CWebApplication.php(282): CController->run('')
#19 C:\xampp\htdocs\yii\framework\web\CWebApplication.php(141): CWebApplication->runController('')
#20 C:\xampp\htdocs\yii\framework\base\CApplication.php(185): CWebApplication->processRequest()
#21 C:\xampp\htdocs\base\index.php(13): CApplication->run()
#22 {main}
REQUEST_URI=/base/
---
2016/07/16 04:45:00 [error] [exception.CException] exception 'CException' with message 'Booster y sus behaviors no tienen un método o closure llamado "register".' in C:\xampp\htdocs\yii\framework\base\CComponent.php:266
Stack trace:
#0 C:\xampp\htdocs\base\protected\views\layouts\main.php(17): CComponent->__call('register', Array)
#1 C:\xampp\htdocs\base\protected\views\layouts\main.php(17): Booster->register()
#2 C:\xampp\htdocs\yii\framework\web\CBaseController.php(126): require('C:\xampp\htdocs...')
#3 C:\xampp\htdocs\yii\framework\web\CBaseController.php(95): CBaseController->renderInternal('C:\xampp\htdocs...', Array, true)
#4 C:\xampp\htdocs\yii\framework\web\widgets\CContentDecorator.php(76): CBaseController->renderFile('C:\xampp\htdocs...', Array, true)
#5 C:\xampp\htdocs\yii\framework\web\widgets\CContentDecorator.php(54): CContentDecorator->decorate('<div id="conten...')
#6 C:\xampp\htdocs\yii\framework\web\widgets\COutputProcessor.php(44): CContentDecorator->processOutput('<div id="conten...')
#7 C:\xampp\htdocs\yii\framework\web\CBaseController.php(214): COutputProcessor->run()
#8 C:\xampp\htdocs\yii\framework\web\CBaseController.php(308): CBaseController->endWidget('CContentDecorat...')
#9 C:\xampp\htdocs\base\protected\views\layouts\column1.php(6): CBaseController->endContent()
#10 C:\xampp\htdocs\yii\framework\web\CBaseController.php(126): require('C:\xampp\htdocs...')
#11 C:\xampp\htdocs\yii\framework\web\CBaseController.php(95): CBaseController->renderInternal('C:\xampp\htdocs...', Array, true)
#12 C:\xampp\htdocs\yii\framework\web\CController.php(784): CBaseController->renderFile('C:\xampp\htdocs...', Array, true)
#13 C:\xampp\htdocs\base\protected\controllers\SiteController.php(32): CController->render('index')
#14 C:\xampp\htdocs\yii\framework\web\actions\CInlineAction.php(49): SiteController->actionIndex()
#15 C:\xampp\htdocs\yii\framework\web\CController.php(308): CInlineAction->runWithParams(Array)
#16 C:\xampp\htdocs\yii\framework\web\CController.php(286): CController->runAction(Object(CInlineAction))
#17 C:\xampp\htdocs\yii\framework\web\CController.php(265): CController->runActionWithFilters(Object(CInlineAction), Array)
#18 C:\xampp\htdocs\yii\framework\web\CWebApplication.php(282): CController->run('')
#19 C:\xampp\htdocs\yii\framework\web\CWebApplication.php(141): CWebApplication->runController('')
#20 C:\xampp\htdocs\yii\framework\base\CApplication.php(185): CWebApplication->processRequest()
#21 C:\xampp\htdocs\base\index.php(13): CApplication->run()
#22 {main}
REQUEST_URI=/base/
---
2016/07/16 04:45:00 [error] [exception.CException] exception 'CException' with message 'Booster y sus behaviors no tienen un método o closure llamado "register".' in C:\xampp\htdocs\yii\framework\base\CComponent.php:266
Stack trace:
#0 C:\xampp\htdocs\base\protected\views\layouts\main.php(17): CComponent->__call('register', Array)
#1 C:\xampp\htdocs\base\protected\views\layouts\main.php(17): Booster->register()
#2 C:\xampp\htdocs\yii\framework\web\CBaseController.php(126): require('C:\xampp\htdocs...')
#3 C:\xampp\htdocs\yii\framework\web\CBaseController.php(95): CBaseController->renderInternal('C:\xampp\htdocs...', Array, true)
#4 C:\xampp\htdocs\yii\framework\web\widgets\CContentDecorator.php(76): CBaseController->renderFile('C:\xampp\htdocs...', Array, true)
#5 C:\xampp\htdocs\yii\framework\web\widgets\CContentDecorator.php(54): CContentDecorator->decorate('<div id="conten...')
#6 C:\xampp\htdocs\yii\framework\web\widgets\COutputProcessor.php(44): CContentDecorator->processOutput('<div id="conten...')
#7 C:\xampp\htdocs\yii\framework\web\CBaseController.php(214): COutputProcessor->run()
#8 C:\xampp\htdocs\yii\framework\web\CBaseController.php(308): CBaseController->endWidget('CContentDecorat...')
#9 C:\xampp\htdocs\base\protected\views\layouts\column1.php(6): CBaseController->endContent()
#10 C:\xampp\htdocs\yii\framework\web\CBaseController.php(126): require('C:\xampp\htdocs...')
#11 C:\xampp\htdocs\yii\framework\web\CBaseController.php(95): CBaseController->renderInternal('C:\xampp\htdocs...', Array, true)
#12 C:\xampp\htdocs\yii\framework\web\CController.php(784): CBaseController->renderFile('C:\xampp\htdocs...', Array, true)
#13 C:\xampp\htdocs\base\protected\controllers\SiteController.php(32): CController->render('index')
#14 C:\xampp\htdocs\yii\framework\web\actions\CInlineAction.php(49): SiteController->actionIndex()
#15 C:\xampp\htdocs\yii\framework\web\CController.php(308): CInlineAction->runWithParams(Array)
#16 C:\xampp\htdocs\yii\framework\web\CController.php(286): CController->runAction(Object(CInlineAction))
#17 C:\xampp\htdocs\yii\framework\web\CController.php(265): CController->runActionWithFilters(Object(CInlineAction), Array)
#18 C:\xampp\htdocs\yii\framework\web\CWebApplication.php(282): CController->run('')
#19 C:\xampp\htdocs\yii\framework\web\CWebApplication.php(141): CWebApplication->runController('')
#20 C:\xampp\htdocs\yii\framework\base\CApplication.php(185): CWebApplication->processRequest()
#21 C:\xampp\htdocs\base\index.php(13): CApplication->run()
#22 {main}
REQUEST_URI=/base/
---
2016/07/16 04:45:01 [error] [exception.CException] exception 'CException' with message 'Booster y sus behaviors no tienen un método o closure llamado "register".' in C:\xampp\htdocs\yii\framework\base\CComponent.php:266
Stack trace:
#0 C:\xampp\htdocs\base\protected\views\layouts\main.php(17): CComponent->__call('register', Array)
#1 C:\xampp\htdocs\base\protected\views\layouts\main.php(17): Booster->register()
#2 C:\xampp\htdocs\yii\framework\web\CBaseController.php(126): require('C:\xampp\htdocs...')
#3 C:\xampp\htdocs\yii\framework\web\CBaseController.php(95): CBaseController->renderInternal('C:\xampp\htdocs...', Array, true)
#4 C:\xampp\htdocs\yii\framework\web\widgets\CContentDecorator.php(76): CBaseController->renderFile('C:\xampp\htdocs...', Array, true)
#5 C:\xampp\htdocs\yii\framework\web\widgets\CContentDecorator.php(54): CContentDecorator->decorate('<div id="conten...')
#6 C:\xampp\htdocs\yii\framework\web\widgets\COutputProcessor.php(44): CContentDecorator->processOutput('<div id="conten...')
#7 C:\xampp\htdocs\yii\framework\web\CBaseController.php(214): COutputProcessor->run()
#8 C:\xampp\htdocs\yii\framework\web\CBaseController.php(308): CBaseController->endWidget('CContentDecorat...')
#9 C:\xampp\htdocs\base\protected\views\layouts\column1.php(6): CBaseController->endContent()
#10 C:\xampp\htdocs\yii\framework\web\CBaseController.php(126): require('C:\xampp\htdocs...')
#11 C:\xampp\htdocs\yii\framework\web\CBaseController.php(95): CBaseController->renderInternal('C:\xampp\htdocs...', Array, true)
#12 C:\xampp\htdocs\yii\framework\web\CController.php(784): CBaseController->renderFile('C:\xampp\htdocs...', Array, true)
#13 C:\xampp\htdocs\base\protected\controllers\SiteController.php(32): CController->render('index')
#14 C:\xampp\htdocs\yii\framework\web\actions\CInlineAction.php(49): SiteController->actionIndex()
#15 C:\xampp\htdocs\yii\framework\web\CController.php(308): CInlineAction->runWithParams(Array)
#16 C:\xampp\htdocs\yii\framework\web\CController.php(286): CController->runAction(Object(CInlineAction))
#17 C:\xampp\htdocs\yii\framework\web\CController.php(265): CController->runActionWithFilters(Object(CInlineAction), Array)
#18 C:\xampp\htdocs\yii\framework\web\CWebApplication.php(282): CController->run('')
#19 C:\xampp\htdocs\yii\framework\web\CWebApplication.php(141): CWebApplication->runController('')
#20 C:\xampp\htdocs\yii\framework\base\CApplication.php(185): CWebApplication->processRequest()
#21 C:\xampp\htdocs\base\index.php(13): CApplication->run()
#22 {main}
REQUEST_URI=/base/
---
2016/07/16 04:45:01 [error] [exception.CException] exception 'CException' with message 'Booster y sus behaviors no tienen un método o closure llamado "register".' in C:\xampp\htdocs\yii\framework\base\CComponent.php:266
Stack trace:
#0 C:\xampp\htdocs\base\protected\views\layouts\main.php(17): CComponent->__call('register', Array)
#1 C:\xampp\htdocs\base\protected\views\layouts\main.php(17): Booster->register()
#2 C:\xampp\htdocs\yii\framework\web\CBaseController.php(126): require('C:\xampp\htdocs...')
#3 C:\xampp\htdocs\yii\framework\web\CBaseController.php(95): CBaseController->renderInternal('C:\xampp\htdocs...', Array, true)
#4 C:\xampp\htdocs\yii\framework\web\widgets\CContentDecorator.php(76): CBaseController->renderFile('C:\xampp\htdocs...', Array, true)
#5 C:\xampp\htdocs\yii\framework\web\widgets\CContentDecorator.php(54): CContentDecorator->decorate('<div id="conten...')
#6 C:\xampp\htdocs\yii\framework\web\widgets\COutputProcessor.php(44): CContentDecorator->processOutput('<div id="conten...')
#7 C:\xampp\htdocs\yii\framework\web\CBaseController.php(214): COutputProcessor->run()
#8 C:\xampp\htdocs\yii\framework\web\CBaseController.php(308): CBaseController->endWidget('CContentDecorat...')
#9 C:\xampp\htdocs\base\protected\views\layouts\column1.php(6): CBaseController->endContent()
#10 C:\xampp\htdocs\yii\framework\web\CBaseController.php(126): require('C:\xampp\htdocs...')
#11 C:\xampp\htdocs\yii\framework\web\CBaseController.php(95): CBaseController->renderInternal('C:\xampp\htdocs...', Array, true)
#12 C:\xampp\htdocs\yii\framework\web\CController.php(784): CBaseController->renderFile('C:\xampp\htdocs...', Array, true)
#13 C:\xampp\htdocs\base\protected\controllers\SiteController.php(32): CController->render('index')
#14 C:\xampp\htdocs\yii\framework\web\actions\CInlineAction.php(49): SiteController->actionIndex()
#15 C:\xampp\htdocs\yii\framework\web\CController.php(308): CInlineAction->runWithParams(Array)
#16 C:\xampp\htdocs\yii\framework\web\CController.php(286): CController->runAction(Object(CInlineAction))
#17 C:\xampp\htdocs\yii\framework\web\CController.php(265): CController->runActionWithFilters(Object(CInlineAction), Array)
#18 C:\xampp\htdocs\yii\framework\web\CWebApplication.php(282): CController->run('')
#19 C:\xampp\htdocs\yii\framework\web\CWebApplication.php(141): CWebApplication->runController('')
#20 C:\xampp\htdocs\yii\framework\base\CApplication.php(185): CWebApplication->processRequest()
#21 C:\xampp\htdocs\base\index.php(13): CApplication->run()
#22 {main}
REQUEST_URI=/base/
---
2016/07/16 04:45:01 [error] [exception.CException] exception 'CException' with message 'Booster y sus behaviors no tienen un método o closure llamado "register".' in C:\xampp\htdocs\yii\framework\base\CComponent.php:266
Stack trace:
#0 C:\xampp\htdocs\base\protected\views\layouts\main.php(17): CComponent->__call('register', Array)
#1 C:\xampp\htdocs\base\protected\views\layouts\main.php(17): Booster->register()
#2 C:\xampp\htdocs\yii\framework\web\CBaseController.php(126): require('C:\xampp\htdocs...')
#3 C:\xampp\htdocs\yii\framework\web\CBaseController.php(95): CBaseController->renderInternal('C:\xampp\htdocs...', Array, true)
#4 C:\xampp\htdocs\yii\framework\web\widgets\CContentDecorator.php(76): CBaseController->renderFile('C:\xampp\htdocs...', Array, true)
#5 C:\xampp\htdocs\yii\framework\web\widgets\CContentDecorator.php(54): CContentDecorator->decorate('<div id="conten...')
#6 C:\xampp\htdocs\yii\framework\web\widgets\COutputProcessor.php(44): CContentDecorator->processOutput('<div id="conten...')
#7 C:\xampp\htdocs\yii\framework\web\CBaseController.php(214): COutputProcessor->run()
#8 C:\xampp\htdocs\yii\framework\web\CBaseController.php(308): CBaseController->endWidget('CContentDecorat...')
#9 C:\xampp\htdocs\base\protected\views\layouts\column1.php(6): CBaseController->endContent()
#10 C:\xampp\htdocs\yii\framework\web\CBaseController.php(126): require('C:\xampp\htdocs...')
#11 C:\xampp\htdocs\yii\framework\web\CBaseController.php(95): CBaseController->renderInternal('C:\xampp\htdocs...', Array, true)
#12 C:\xampp\htdocs\yii\framework\web\CController.php(784): CBaseController->renderFile('C:\xampp\htdocs...', Array, true)
#13 C:\xampp\htdocs\base\protected\controllers\SiteController.php(32): CController->render('index')
#14 C:\xampp\htdocs\yii\framework\web\actions\CInlineAction.php(49): SiteController->actionIndex()
#15 C:\xampp\htdocs\yii\framework\web\CController.php(308): CInlineAction->runWithParams(Array)
#16 C:\xampp\htdocs\yii\framework\web\CController.php(286): CController->runAction(Object(CInlineAction))
#17 C:\xampp\htdocs\yii\framework\web\CController.php(265): CController->runActionWithFilters(Object(CInlineAction), Array)
#18 C:\xampp\htdocs\yii\framework\web\CWebApplication.php(282): CController->run('')
#19 C:\xampp\htdocs\yii\framework\web\CWebApplication.php(141): CWebApplication->runController('')
#20 C:\xampp\htdocs\yii\framework\base\CApplication.php(185): CWebApplication->processRequest()
#21 C:\xampp\htdocs\base\index.php(13): CApplication->run()
#22 {main}
REQUEST_URI=/base/
---
2016/07/16 04:49:37 [error] [exception.CException] exception 'CException' with message 'La propiedad "CWebApplication"."bootstrap" no se encuentra definida.' in C:\xampp\htdocs\yii\framework\base\CComponent.php:130
Stack trace:
#0 C:\xampp\htdocs\yii\framework\base\CModule.php(105): CComponent->__get('bootstrap')
#1 C:\xampp\htdocs\base\themes\booster\views\layouts\main.php(20): CModule->__get('bootstrap')
#2 C:\xampp\htdocs\yii\framework\web\CBaseController.php(126): require('C:\xampp\htdocs...')
#3 C:\xampp\htdocs\yii\framework\web\CBaseController.php(95): CBaseController->renderInternal('C:\xampp\htdocs...', Array, true)
#4 C:\xampp\htdocs\yii\framework\web\widgets\CContentDecorator.php(76): CBaseController->renderFile('C:\xampp\htdocs...', Array, true)
#5 C:\xampp\htdocs\yii\framework\web\widgets\CContentDecorator.php(54): CContentDecorator->decorate('<div id="conten...')
#6 C:\xampp\htdocs\yii\framework\web\widgets\COutputProcessor.php(44): CContentDecorator->processOutput('<div id="conten...')
#7 C:\xampp\htdocs\yii\framework\web\CBaseController.php(214): COutputProcessor->run()
#8 C:\xampp\htdocs\yii\framework\web\CBaseController.php(308): CBaseController->endWidget('CContentDecorat...')
#9 C:\xampp\htdocs\base\themes\booster\views\layouts\column1.php(6): CBaseController->endContent()
#10 C:\xampp\htdocs\yii\framework\web\CBaseController.php(126): require('C:\xampp\htdocs...')
#11 C:\xampp\htdocs\yii\framework\web\CBaseController.php(95): CBaseController->renderInternal('C:\xampp\htdocs...', Array, true)
#12 C:\xampp\htdocs\yii\framework\web\CController.php(784): CBaseController->renderFile('C:\xampp\htdocs...', Array, true)
#13 C:\xampp\htdocs\base\protected\controllers\SiteController.php(32): CController->render('index')
#14 C:\xampp\htdocs\yii\framework\web\actions\CInlineAction.php(49): SiteController->actionIndex()
#15 C:\xampp\htdocs\yii\framework\web\CController.php(308): CInlineAction->runWithParams(Array)
#16 C:\xampp\htdocs\yii\framework\web\CController.php(286): CController->runAction(Object(CInlineAction))
#17 C:\xampp\htdocs\yii\framework\web\CController.php(265): CController->runActionWithFilters(Object(CInlineAction), Array)
#18 C:\xampp\htdocs\yii\framework\web\CWebApplication.php(282): CController->run('')
#19 C:\xampp\htdocs\yii\framework\web\CWebApplication.php(141): CWebApplication->runController('')
#20 C:\xampp\htdocs\yii\framework\base\CApplication.php(185): CWebApplication->processRequest()
#21 C:\xampp\htdocs\base\index.php(13): CApplication->run()
#22 {main}
REQUEST_URI=/base/
---
2016/07/16 04:49:55 [error] [exception.CException] exception 'CException' with message 'La propiedad "CWebApplication"."bootstrap" no se encuentra definida.' in C:\xampp\htdocs\yii\framework\base\CComponent.php:130
Stack trace:
#0 C:\xampp\htdocs\yii\framework\base\CModule.php(105): CComponent->__get('bootstrap')
#1 C:\xampp\htdocs\base\themes\booster\views\layouts\main.php(20): CModule->__get('bootstrap')
#2 C:\xampp\htdocs\yii\framework\web\CBaseController.php(126): require('C:\xampp\htdocs...')
#3 C:\xampp\htdocs\yii\framework\web\CBaseController.php(95): CBaseController->renderInternal('C:\xampp\htdocs...', Array, true)
#4 C:\xampp\htdocs\yii\framework\web\widgets\CContentDecorator.php(76): CBaseController->renderFile('C:\xampp\htdocs...', Array, true)
#5 C:\xampp\htdocs\yii\framework\web\widgets\CContentDecorator.php(54): CContentDecorator->decorate('<div id="conten...')
#6 C:\xampp\htdocs\yii\framework\web\widgets\COutputProcessor.php(44): CContentDecorator->processOutput('<div id="conten...')
#7 C:\xampp\htdocs\yii\framework\web\CBaseController.php(214): COutputProcessor->run()
#8 C:\xampp\htdocs\yii\framework\web\CBaseController.php(308): CBaseController->endWidget('CContentDecorat...')
#9 C:\xampp\htdocs\base\themes\booster\views\layouts\column1.php(6): CBaseController->endContent()
#10 C:\xampp\htdocs\yii\framework\web\CBaseController.php(126): require('C:\xampp\htdocs...')
#11 C:\xampp\htdocs\yii\framework\web\CBaseController.php(95): CBaseController->renderInternal('C:\xampp\htdocs...', Array, true)
#12 C:\xampp\htdocs\yii\framework\web\CController.php(784): CBaseController->renderFile('C:\xampp\htdocs...', Array, true)
#13 C:\xampp\htdocs\base\protected\controllers\SiteController.php(32): CController->render('index')
#14 C:\xampp\htdocs\yii\framework\web\actions\CInlineAction.php(49): SiteController->actionIndex()
#15 C:\xampp\htdocs\yii\framework\web\CController.php(308): CInlineAction->runWithParams(Array)
#16 C:\xampp\htdocs\yii\framework\web\CController.php(286): CController->runAction(Object(CInlineAction))
#17 C:\xampp\htdocs\yii\framework\web\CController.php(265): CController->runActionWithFilters(Object(CInlineAction), Array)
#18 C:\xampp\htdocs\yii\framework\web\CWebApplication.php(282): CController->run('')
#19 C:\xampp\htdocs\yii\framework\web\CWebApplication.php(141): CWebApplication->runController('')
#20 C:\xampp\htdocs\yii\framework\base\CApplication.php(185): CWebApplication->processRequest()
#21 C:\xampp\htdocs\base\index.php(13): CApplication->run()
#22 {main}
REQUEST_URI=/base/
---
2016/07/16 04:50:10 [error] [php] Use of undefined constant php - assumed 'php' (C:\xampp\htdocs\base\themes\booster\views\layouts\main.php:20)
Stack trace:
#0 C:\xampp\htdocs\yii\framework\web\widgets\CContentDecorator.php(76): SiteController->renderFile()
#1 C:\xampp\htdocs\yii\framework\web\widgets\CContentDecorator.php(54): CContentDecorator->decorate()
#2 C:\xampp\htdocs\yii\framework\web\widgets\COutputProcessor.php(44): CContentDecorator->processOutput()
#3 C:\xampp\htdocs\yii\framework\web\CBaseController.php(214): CContentDecorator->run()
#4 C:\xampp\htdocs\yii\framework\web\CBaseController.php(308): SiteController->endWidget()
#5 C:\xampp\htdocs\base\themes\booster\views\layouts\column1.php(6): SiteController->endContent()
#6 C:\xampp\htdocs\yii\framework\web\CBaseController.php(126): require()
#7 C:\xampp\htdocs\yii\framework\web\CBaseController.php(95): SiteController->renderInternal()
#8 C:\xampp\htdocs\yii\framework\web\CController.php(784): SiteController->renderFile()
#9 C:\xampp\htdocs\base\protected\controllers\SiteController.php(32): SiteController->render()
#10 C:\xampp\htdocs\yii\framework\web\actions\CInlineAction.php(49): SiteController->actionIndex()
#11 C:\xampp\htdocs\yii\framework\web\CController.php(308): CInlineAction->runWithParams()
#12 C:\xampp\htdocs\yii\framework\web\CController.php(286): SiteController->runAction()
#13 C:\xampp\htdocs\yii\framework\web\CController.php(265): SiteController->runActionWithFilters()
#14 C:\xampp\htdocs\yii\framework\web\CWebApplication.php(282): SiteController->run()
#15 C:\xampp\htdocs\yii\framework\web\CWebApplication.php(141): CWebApplication->runController()
#16 C:\xampp\htdocs\yii\framework\base\CApplication.php(185): CWebApplication->processRequest()
#17 C:\xampp\htdocs\base\index.php(13): CWebApplication->run()
REQUEST_URI=/base/
in C:\xampp\htdocs\base\themes\booster\views\layouts\main.php (20)
in C:\xampp\htdocs\base\themes\booster\views\layouts\column1.php (6)
in C:\xampp\htdocs\base\protected\controllers\SiteController.php (32)
2016/07/16 04:50:12 [error] [php] Use of undefined constant php - assumed 'php' (C:\xampp\htdocs\base\themes\booster\views\layouts\main.php:20)
Stack trace:
#0 C:\xampp\htdocs\yii\framework\web\widgets\CContentDecorator.php(76): SiteController->renderFile()
#1 C:\xampp\htdocs\yii\framework\web\widgets\CContentDecorator.php(54): CContentDecorator->decorate()
#2 C:\xampp\htdocs\yii\framework\web\widgets\COutputProcessor.php(44): CContentDecorator->processOutput()
#3 C:\xampp\htdocs\yii\framework\web\CBaseController.php(214): CContentDecorator->run()
#4 C:\xampp\htdocs\yii\framework\web\CBaseController.php(308): SiteController->endWidget()
#5 C:\xampp\htdocs\base\themes\booster\views\layouts\column1.php(6): SiteController->endContent()
#6 C:\xampp\htdocs\yii\framework\web\CBaseController.php(126): require()
#7 C:\xampp\htdocs\yii\framework\web\CBaseController.php(95): SiteController->renderInternal()
#8 C:\xampp\htdocs\yii\framework\web\CController.php(784): SiteController->renderFile()
#9 C:\xampp\htdocs\base\protected\controllers\SiteController.php(32): SiteController->render()
#10 C:\xampp\htdocs\yii\framework\web\actions\CInlineAction.php(49): SiteController->actionIndex()
#11 C:\xampp\htdocs\yii\framework\web\CController.php(308): CInlineAction->runWithParams()
#12 C:\xampp\htdocs\yii\framework\web\CController.php(286): SiteController->runAction()
#13 C:\xampp\htdocs\yii\framework\web\CController.php(265): SiteController->runActionWithFilters()
#14 C:\xampp\htdocs\yii\framework\web\CWebApplication.php(282): SiteController->run()
#15 C:\xampp\htdocs\yii\framework\web\CWebApplication.php(141): CWebApplication->runController()
#16 C:\xampp\htdocs\yii\framework\base\CApplication.php(185): CWebApplication->processRequest()
#17 C:\xampp\htdocs\base\index.php(13): CWebApplication->run()
REQUEST_URI=/base/
in C:\xampp\htdocs\base\themes\booster\views\layouts\main.php (20)
in C:\xampp\htdocs\base\themes\booster\views\layouts\column1.php (6)
in C:\xampp\htdocs\base\protected\controllers\SiteController.php (32)
2016/07/16 04:55:17 [error] [exception.CException] exception 'CException' with message 'El alias "booster.gii.bootstrapGenerator" es inválido. Asegúrese de que apunta a un archivo PHP existente y que el archivo tiene permisos de lectura.' in C:\xampp\htdocs\yii\framework\YiiBase.php:323
Stack trace:
#0 C:\xampp\htdocs\yii\framework\YiiBase.php(196): YiiBase::import('booster.gii.boo...', true)
#1 C:\xampp\htdocs\yii\framework\base\CModule.php(282): YiiBase::createComponent('booster.gii.boo...', 'gii', NULL, Array)
#2 C:\xampp\htdocs\yii\framework\web\CWebApplication.php(337): CModule->getModule('gii')
#3 C:\xampp\htdocs\yii\framework\web\CWebApplication.php(276): CWebApplication->createController('gii')
#4 C:\xampp\htdocs\yii\framework\web\CWebApplication.php(141): CWebApplication->runController('gii')
#5 C:\xampp\htdocs\yii\framework\base\CApplication.php(185): CWebApplication->processRequest()
#6 C:\xampp\htdocs\base\index.php(13): CApplication->run()
#7 {main}
REQUEST_URI=/base/index.php?r=gii
---
2016/07/16 04:58:29 [error] [php] Use of undefined constant php - assumed 'php' (C:\xampp\htdocs\base\protected\views\layouts\main.php:20)
Stack trace:
#0 C:\xampp\htdocs\yii\framework\web\widgets\CContentDecorator.php(76): SiteController->renderFile()
#1 C:\xampp\htdocs\yii\framework\web\widgets\CContentDecorator.php(54): CContentDecorator->decorate()
#2 C:\xampp\htdocs\yii\framework\web\widgets\COutputProcessor.php(44): CContentDecorator->processOutput()
#3 C:\xampp\htdocs\yii\framework\web\CBaseController.php(214): CContentDecorator->run()
#4 C:\xampp\htdocs\yii\framework\web\CBaseController.php(308): SiteController->endWidget()
#5 C:\xampp\htdocs\base\protected\views\layouts\column1.php(6): SiteController->endContent()
#6 C:\xampp\htdocs\yii\framework\web\CBaseController.php(126): require()
#7 C:\xampp\htdocs\yii\framework\web\CBaseController.php(95): SiteController->renderInternal()
#8 C:\xampp\htdocs\yii\framework\web\CController.php(784): SiteController->renderFile()
#9 C:\xampp\htdocs\base\protected\controllers\SiteController.php(32): SiteController->render()
#10 C:\xampp\htdocs\yii\framework\web\actions\CInlineAction.php(49): SiteController->actionIndex()
#11 C:\xampp\htdocs\yii\framework\web\CController.php(308): CInlineAction->runWithParams()
#12 C:\xampp\htdocs\yii\framework\web\CController.php(286): SiteController->runAction()
#13 C:\xampp\htdocs\yii\framework\web\CController.php(265): SiteController->runActionWithFilters()
#14 C:\xampp\htdocs\yii\framework\web\CWebApplication.php(282): SiteController->run()
#15 C:\xampp\htdocs\yii\framework\web\CWebApplication.php(141): CWebApplication->runController()
#16 C:\xampp\htdocs\yii\framework\base\CApplication.php(185): CWebApplication->processRequest()
#17 C:\xampp\htdocs\base\index.php(13): CWebApplication->run()
REQUEST_URI=/base/
in C:\xampp\htdocs\base\protected\views\layouts\main.php (20)
in C:\xampp\htdocs\base\protected\views\layouts\column1.php (6)
in C:\xampp\htdocs\base\protected\controllers\SiteController.php (32)
2016/07/16 04:58:32 [error] [php] Use of undefined constant php - assumed 'php' (C:\xampp\htdocs\base\protected\views\layouts\main.php:20)
Stack trace:
#0 C:\xampp\htdocs\yii\framework\web\widgets\CContentDecorator.php(76): SiteController->renderFile()
#1 C:\xampp\htdocs\yii\framework\web\widgets\CContentDecorator.php(54): CContentDecorator->decorate()
#2 C:\xampp\htdocs\yii\framework\web\widgets\COutputProcessor.php(44): CContentDecorator->processOutput()
#3 C:\xampp\htdocs\yii\framework\web\CBaseController.php(214): CContentDecorator->run()
#4 C:\xampp\htdocs\yii\framework\web\CBaseController.php(308): SiteController->endWidget()
#5 C:\xampp\htdocs\base\protected\views\layouts\column1.php(6): SiteController->endContent()
#6 C:\xampp\htdocs\yii\framework\web\CBaseController.php(126): require()
#7 C:\xampp\htdocs\yii\framework\web\CBaseController.php(95): SiteController->renderInternal()
#8 C:\xampp\htdocs\yii\framework\web\CController.php(784): SiteController->renderFile()
#9 C:\xampp\htdocs\base\protected\controllers\SiteController.php(32): SiteController->render()
#10 C:\xampp\htdocs\yii\framework\web\actions\CInlineAction.php(49): SiteController->actionIndex()
#11 C:\xampp\htdocs\yii\framework\web\CController.php(308): CInlineAction->runWithParams()
#12 C:\xampp\htdocs\yii\framework\web\CController.php(286): SiteController->runAction()
#13 C:\xampp\htdocs\yii\framework\web\CController.php(265): SiteController->runActionWithFilters()
#14 C:\xampp\htdocs\yii\framework\web\CWebApplication.php(282): SiteController->run()
#15 C:\xampp\htdocs\yii\framework\web\CWebApplication.php(141): CWebApplication->runController()
#16 C:\xampp\htdocs\yii\framework\base\CApplication.php(185): CWebApplication->processRequest()
#17 C:\xampp\htdocs\base\index.php(13): CWebApplication->run()
REQUEST_URI=/base/
in C:\xampp\htdocs\base\protected\views\layouts\main.php (20)
in C:\xampp\htdocs\base\protected\views\layouts\column1.php (6)
in C:\xampp\htdocs\base\protected\controllers\SiteController.php (32)
2016/07/16 05:03:31 [error] [exception.CException] exception 'CException' with message 'La propiedad "GiiModule"."generatorPath" no se encuentra definida.' in C:\xampp\htdocs\yii\framework\base\CComponent.php:173
Stack trace:
#0 C:\xampp\htdocs\yii\framework\base\CModule.php(520): CComponent->__set('generatorPath', Array)
#1 C:\xampp\htdocs\yii\framework\base\CModule.php(86): CModule->configure(Array)
#2 C:\xampp\htdocs\yii\framework\YiiBase.php(206): CModule->__construct('gii', NULL, Array)
#3 C:\xampp\htdocs\yii\framework\base\CModule.php(282): YiiBase::createComponent('system.gii.GiiM...', 'gii', NULL, Array)
#4 C:\xampp\htdocs\yii\framework\web\CWebApplication.php(337): CModule->getModule('gii')
#5 C:\xampp\htdocs\yii\framework\web\CWebApplication.php(276): CWebApplication->createController('gii/')
#6 C:\xampp\htdocs\yii\framework\web\CWebApplication.php(141): CWebApplication->runController('gii/')
#7 C:\xampp\htdocs\yii\framework\base\CApplication.php(185): CWebApplication->processRequest()
#8 C:\xampp\htdocs\base\index.php(13): CApplication->run()
#9 {main}
REQUEST_URI=/base/index.php?r=gii/
---
2016/07/16 05:03:35 [error] [exception.CException] exception 'CException' with message 'La propiedad "GiiModule"."generatorPath" no se encuentra definida.' in C:\xampp\htdocs\yii\framework\base\CComponent.php:173
Stack trace:
#0 C:\xampp\htdocs\yii\framework\base\CModule.php(520): CComponent->__set('generatorPath', Array)
#1 C:\xampp\htdocs\yii\framework\base\CModule.php(86): CModule->configure(Array)
#2 C:\xampp\htdocs\yii\framework\YiiBase.php(206): CModule->__construct('gii', NULL, Array)
#3 C:\xampp\htdocs\yii\framework\base\CModule.php(282): YiiBase::createComponent('system.gii.GiiM...', 'gii', NULL, Array)
#4 C:\xampp\htdocs\yii\framework\web\CWebApplication.php(337): CModule->getModule('gii')
#5 C:\xampp\htdocs\yii\framework\web\CWebApplication.php(276): CWebApplication->createController('gii/')
#6 C:\xampp\htdocs\yii\framework\web\CWebApplication.php(141): CWebApplication->runController('gii/')
#7 C:\xampp\htdocs\yii\framework\base\CApplication.php(185): CWebApplication->processRequest()
#8 C:\xampp\htdocs\base\index.php(13): CApplication->run()
#9 {main}
REQUEST_URI=/base/index.php?r=gii/
---
2016/07/19 04:21:01 [error] [exception.CException] exception 'CException' with message 'CAssetManager.basePath "C:\xampp\htdocs\mired\assets" es inválido. Asegúrese que el directorio exista y tenga permisos de escritura por el proceso que corre el servidor Web.' in C:\xampp\htdocs\yii\framework\web\CAssetManager.php:138
Stack trace:
#0 C:\xampp\htdocs\yii\framework\web\CAssetManager.php(123): CAssetManager->setBasePath('C:\\xampp\\htdocs...')
#1 C:\xampp\htdocs\yii\framework\web\CAssetManager.php(217): CAssetManager->getBasePath()
#2 C:\xampp\htdocs\mired\protected\extensions\booster\components\Booster.php(413): CAssetManager->publish('C:\\xampp\\htdocs...', false, -1, false)
#3 C:\xampp\htdocs\mired\protected\extensions\booster\components\packages.php(14): Booster->getAssetsUrl()
#4 C:\xampp\htdocs\mired\protected\extensions\booster\components\Booster.php(260): require('C:\\xampp\\htdocs...')
#5 C:\xampp\htdocs\mired\protected\extensions\booster\components\Booster.php(246): Booster->appendUserSuppliedPackagesToOurs()
#6 C:\xampp\htdocs\mired\protected\extensions\booster\components\Booster.php(214): Booster->includeAssets()
#7 C:\xampp\htdocs\yii\framework\base\CModule.php(394): Booster->init()
#8 C:\xampp\htdocs\yii\framework\base\CModule.php(530): CModule->getComponent('booster')
#9 C:\xampp\htdocs\yii\framework\base\CApplication.php(168): CModule->preloadComponents()
#10 C:\xampp\htdocs\yii\framework\YiiBase.php(125): CApplication->__construct('C:\\xampp\\htdocs...')
#11 C:\xampp\htdocs\yii\framework\YiiBase.php(98): YiiBase::createApplication('CWebApplication', 'C:\\xampp\\htdocs...')
#12 C:\xampp\htdocs\mired\index.php(13): YiiBase::createWebApplication('C:\\xampp\\htdocs...')
#13 {main}
REQUEST_URI=/mired/
---
2016/07/19 04:57:08 [error] [exception.CDbException] exception 'CDbException' with message 'Tabla "usuario" no contiene la columna con nombre "username".' in C:\xampp\htdocs\yii\framework\db\schema\CDbCommandBuilder.php:697
Stack trace:
#0 C:\xampp\htdocs\yii\framework\db\ar\CActiveRecord.php(1523): CDbCommandBuilder->createColumnCriteria(Object(CMysqlTableSchema), Array, '', Array, '`t`.')
#1 C:\xampp\htdocs\mired\protected\components\UserIdentity.php(22): CActiveRecord->findByAttributes(Array)
#2 C:\xampp\htdocs\mired\protected\models\LoginForm.php(52): UserIdentity->authenticate()
#3 C:\xampp\htdocs\yii\framework\validators\CInlineValidator.php(42): LoginForm->authenticate('password', Array)
#4 C:\xampp\htdocs\yii\framework\validators\CValidator.php(201): CInlineValidator->validateAttribute(Object(LoginForm), 'password')
#5 C:\xampp\htdocs\yii\framework\base\CModel.php(159): CValidator->validate(Object(LoginForm), NULL)
#6 C:\xampp\htdocs\mired\protected\controllers\SiteController.php(44): CModel->validate()
#7 C:\xampp\htdocs\yii\framework\web\actions\CInlineAction.php(49): SiteController->actionIndex()
#8 C:\xampp\htdocs\yii\framework\web\CController.php(308): CInlineAction->runWithParams(Array)
#9 C:\xampp\htdocs\yii\framework\web\CController.php(286): CController->runAction(Object(CInlineAction))
#10 C:\xampp\htdocs\yii\framework\web\CController.php(265): CController->runActionWithFilters(Object(CInlineAction), Array)
#11 C:\xampp\htdocs\yii\framework\web\CWebApplication.php(282): CController->run('')
#12 C:\xampp\htdocs\yii\framework\web\CWebApplication.php(141): CWebApplication->runController('')
#13 C:\xampp\htdocs\yii\framework\base\CApplication.php(185): CWebApplication->processRequest()
#14 C:\xampp\htdocs\mired\index.php(13): CApplication->run()
#15 {main}
REQUEST_URI=/mired/
HTTP_REFERER=http://localhost/mired/
---
2016/07/19 04:59:39 [error] [exception.CException] exception 'CException' with message 'La propiedad "Usuario"."contrasena" no se encuentra definida.' in C:\xampp\htdocs\yii\framework\base\CComponent.php:130
Stack trace:
#0 C:\xampp\htdocs\yii\framework\db\ar\CActiveRecord.php(145): CComponent->__get('contrasena')
#1 C:\xampp\htdocs\mired\protected\components\UserIdentity.php(27): CActiveRecord->__get('contrasena')
#2 C:\xampp\htdocs\mired\protected\models\LoginForm.php(52): UserIdentity->authenticate()
#3 C:\xampp\htdocs\yii\framework\validators\CInlineValidator.php(42): LoginForm->authenticate('password', Array)
#4 C:\xampp\htdocs\yii\framework\validators\CValidator.php(201): CInlineValidator->validateAttribute(Object(LoginForm), 'password')
#5 C:\xampp\htdocs\yii\framework\base\CModel.php(159): CValidator->validate(Object(LoginForm), NULL)
#6 C:\xampp\htdocs\mired\protected\controllers\SiteController.php(44): CModel->validate()
#7 C:\xampp\htdocs\yii\framework\web\actions\CInlineAction.php(49): SiteController->actionIndex()
#8 C:\xampp\htdocs\yii\framework\web\CController.php(308): CInlineAction->runWithParams(Array)
#9 C:\xampp\htdocs\yii\framework\web\CController.php(286): CController->runAction(Object(CInlineAction))
#10 C:\xampp\htdocs\yii\framework\web\CController.php(265): CController->runActionWithFilters(Object(CInlineAction), Array)
#11 C:\xampp\htdocs\yii\framework\web\CWebApplication.php(282): CController->run('index')
#12 C:\xampp\htdocs\yii\framework\web\CWebApplication.php(141): CWebApplication->runController('site/index')
#13 C:\xampp\htdocs\yii\framework\base\CApplication.php(185): CWebApplication->processRequest()
#14 C:\xampp\htdocs\mired\index.php(13): CApplication->run()
#15 {main}
REQUEST_URI=/mired/index.php?r=site/index
HTTP_REFERER=http://localhost/mired/index.php?r=site/index
---
2016/07/19 05:00:02 [error] [exception.CException] exception 'CException' with message 'La propiedad "Usuario"."activo" no se encuentra definida.' in C:\xampp\htdocs\yii\framework\base\CComponent.php:130
Stack trace:
#0 C:\xampp\htdocs\yii\framework\db\ar\CActiveRecord.php(145): CComponent->__get('activo')
#1 C:\xampp\htdocs\mired\protected\components\UserIdentity.php(31): CActiveRecord->__get('activo')
#2 C:\xampp\htdocs\mired\protected\models\LoginForm.php(52): UserIdentity->authenticate()
#3 C:\xampp\htdocs\yii\framework\validators\CInlineValidator.php(42): LoginForm->authenticate('password', Array)
#4 C:\xampp\htdocs\yii\framework\validators\CValidator.php(201): CInlineValidator->validateAttribute(Object(LoginForm), 'password')
#5 C:\xampp\htdocs\yii\framework\base\CModel.php(159): CValidator->validate(Object(LoginForm), NULL)
#6 C:\xampp\htdocs\mired\protected\controllers\SiteController.php(44): CModel->validate()
#7 C:\xampp\htdocs\yii\framework\web\actions\CInlineAction.php(49): SiteController->actionIndex()
#8 C:\xampp\htdocs\yii\framework\web\CController.php(308): CInlineAction->runWithParams(Array)
#9 C:\xampp\htdocs\yii\framework\web\CController.php(286): CController->runAction(Object(CInlineAction))
#10 C:\xampp\htdocs\yii\framework\web\CController.php(265): CController->runActionWithFilters(Object(CInlineAction), Array)
#11 C:\xampp\htdocs\yii\framework\web\CWebApplication.php(282): CController->run('index')
#12 C:\xampp\htdocs\yii\framework\web\CWebApplication.php(141): CWebApplication->runController('site/index')
#13 C:\xampp\htdocs\yii\framework\base\CApplication.php(185): CWebApplication->processRequest()
#14 C:\xampp\htdocs\mired\index.php(13): CApplication->run()
#15 {main}
REQUEST_URI=/mired/index.php?r=site/index
HTTP_REFERER=http://localhost/mired/index.php?r=site/index
---
2016/07/19 05:00:13 [error] [exception.CException] exception 'CException' with message 'La propiedad "Usuario"."id" no se encuentra definida.' in C:\xampp\htdocs\yii\framework\base\CComponent.php:130
Stack trace:
#0 C:\xampp\htdocs\yii\framework\db\ar\CActiveRecord.php(145): CComponent->__get('id')
#1 C:\xampp\htdocs\mired\protected\components\UserIdentity.php(34): CActiveRecord->__get('id')
#2 C:\xampp\htdocs\mired\protected\models\LoginForm.php(52): UserIdentity->authenticate()
#3 C:\xampp\htdocs\yii\framework\validators\CInlineValidator.php(42): LoginForm->authenticate('password', Array)
#4 C:\xampp\htdocs\yii\framework\validators\CValidator.php(201): CInlineValidator->validateAttribute(Object(LoginForm), 'password')
#5 C:\xampp\htdocs\yii\framework\base\CModel.php(159): CValidator->validate(Object(LoginForm), NULL)
#6 C:\xampp\htdocs\mired\protected\controllers\SiteController.php(44): CModel->validate()
#7 C:\xampp\htdocs\yii\framework\web\actions\CInlineAction.php(49): SiteController->actionIndex()
#8 C:\xampp\htdocs\yii\framework\web\CController.php(308): CInlineAction->runWithParams(Array)
#9 C:\xampp\htdocs\yii\framework\web\CController.php(286): CController->runAction(Object(CInlineAction))
#10 C:\xampp\htdocs\yii\framework\web\CController.php(265): CController->runActionWithFilters(Object(CInlineAction), Array)
#11 C:\xampp\htdocs\yii\framework\web\CWebApplication.php(282): CController->run('index')
#12 C:\xampp\htdocs\yii\framework\web\CWebApplication.php(141): CWebApplication->runController('site/index')
#13 C:\xampp\htdocs\yii\framework\base\CApplication.php(185): CWebApplication->processRequest()
#14 C:\xampp\htdocs\mired\index.php(13): CApplication->run()
#15 {main}
REQUEST_URI=/mired/index.php?r=site/index
HTTP_REFERER=http://localhost/mired/index.php?r=site/index
---
